1















                                      ::::::::::::::::::::::::::::::::::::::::::::::::::
                                      ::                                              ::
                                      ::   AUTOMATED STRUCTURAL OPTIMIZATION SYSTEM   ::
                                      ::                                              ::
                                      ::   *****  *****  *****  *****  *****  *****   ::
                                      ::   *   *  *        *    *   *  *   *  *       ::
                                      ::   *****  *****    *    *****  *   *  *****   ::
                                      ::   *   *      *    *    *  *   *   *      *   ::
                                      ::   *   *  *****    *    *   *  *****  *****   ::
                                      ::                                              ::
                                      ::                 VERSION 11.0                 ::
                                      ::                                              ::
                                      ::     DEC VAX/ULTRIX SERIES - F77 COMPILER     ::
                                      ::                  MAY 1, 1994                 ::
                                      ::                                              ::
                                      ::::::::::::::::::::::::::::::::::::::::::::::::::
1                                                                                       ASTROS VERSION 11.0  02/28/22   P.    1  
                                                                                                                                 
                                                                                                                                 
                                                                                                                                 
                                       *****  ASTROS ASSIGN DATABASE COMMAND ECHO  *****                                         
                                                                                                                                 

                          *...10...**...20...**...30...**...40...**...50...**...60...**...70...**...80...*

                          ASSIGN DATABASE  ASWS DNA NEW                                                   

                          *...10...**...20...**...30...**...40...**...50...**...60...**...70...**...80...*

                          DATA BASE NAME     = ASWS    
                          DATA BASE PASSWORD = DNA     
                          DATA BASE STATUS   = NEW 
                          USER PARAMETERS ARE:
                          ** NONE GIVEN ** 
1                                                                                       ASTROS VERSION 11.0  02/28/22   P.    2  
                                                                                                                                 
                                                                                                                                 
                                                                                                                                 
                                          S O L U T I O N   C O N T R O L   S U M M A R Y                                        
                                                                                                                                 
                        TITLE = STATIC CASE                                                             
                        ANALYZE                                                                         
                         BOUNDARY SPC = 1                                                               
                               STATICS ( MECH = 1 )                                                     
                               PRINT DISP = ALL, STRESS = ALL                                           
                               LABEL = 500.00 LB LOAD CONDITION                                         
                        END                                                                             
1STATIC CASE                                                                            ASTROS VERSION 11.0  02/28/22   P.    3  
                                                                                                                                 
                                                                                                                                 
                                            S O R T E D   B U L K   D A T A   E C H O                                            
                    CARD                                                                                                         
                    COUNT         *...1..**...2..**...3..**...4..**...5..**...6..**...7..**...8..**...9..**..10..*               
                        1 -       CBAR    1       2       1       4       3                                       
                        2 -       CBAR    2       2       4       7       3                                       
                        3 -       CBAR    3       2       7       10      3                                       
                        4 -       CBAR    4       2       10      13      3                                       
                        5 -       CBAR    5       2       16      19      18                                      
                        6 -       CBAR    6       2       19      22      18                                      
                        7 -       CBAR    7       2       22      25      18                                      
                        8 -       CBAR    8       2       25      28      18                                      
                        9 -       CBAR    9       2       2       5       3                                       
                       10 -       CBAR    10      2       5       8       3                                       
                       11 -       CBAR    11      2       8       11      3                                       
                       12 -       CBAR    12      2       11      14      3                                       
                       13 -       CBAR    13      2       17      20      18                                      
                       14 -       CBAR    14      2       20      23      18                                      
                       15 -       CBAR    15      2       23      26      18                                      
                       16 -       CBAR    16      2       26      29      18                                      
                       17 -       CBAR    17      2       3       6       1                                       
                       18 -       CBAR    18      2       6       9       1                                       
                       19 -       CBAR    19      2       9       12      1                                       
                       20 -       CBAR    20      2       12      15      1                                       
                       21 -       CBAR    21      2       18      21      1                                       
                       22 -       CBAR    22      2       21      24      16                                      
                       23 -       CBAR    23      2       24      27      16                                      
                       24 -       CBAR    24      2       27      30      16                                      
                       25 -       CQDMEM1 1       4       1       2       5       4                               
                       26 -       CQDMEM1 2       4       4       5       8       7                               
                       27 -       CQDMEM1 3       4       7       8       11      10                              
                       28 -       CQDMEM1 4       4       10      11      14      13                              
                       29 -       CQDMEM1 5       4       2       3       6       5                               
                       30 -       CQDMEM1 6       4       5       6       9       8                               
                       31 -       CQDMEM1 7       4       8       9       12      11                              
                       32 -       CQDMEM1 8       4       11      12      15      14                              
                       33 -       CQDMEM1 9       4       16      17      20      19                              
                       34 -       CQDMEM1 10      4       19      20      23      22                              
                       35 -       CQDMEM1 11      4       22      23      26      25                              
                       36 -       CQDMEM1 12      4       25      26      29      28                              
                       37 -       CQDMEM1 13      4       17      18      21      20                              
                       38 -       CQDMEM1 14      4       20      21      24      23                              
                       39 -       CQDMEM1 15      4       23      24      27      26                              
                       40 -       CQDMEM1 16      4       26      27      30      29                              
                       41 -       CROD    1       3       1       16                                              
                       42 -       CROD    2       3       2       17                                              
                       43 -       CROD    3       3       3       18                                              
                       44 -       CROD    4       3       4       19                                              
                       45 -       CROD    5       3       5       20                                              
                       46 -       CROD    6       3       6       21                                              
                       47 -       CROD    7       3       7       22                                              
                       48 -       CROD    8       3       8       23                                              
                       49 -       CROD    9       3       9       24                                              
                       50 -       CROD    10      3       10      25                                              
                       51 -       CROD    11      3       11      26                                              
                       52 -       CROD    12      3       12      27                                              
1STATIC CASE                                                                            ASTROS VERSION 11.0  02/28/22   P.    4  
                                                                                                                                 
                                                                                                                                 
                                            S O R T E D   B U L K   D A T A   E C H O                                            
                    CARD                                                                                                         
                    COUNT         *...1..**...2..**...3..**...4..**...5..**...6..**...7..**...8..**...9..**..10..*               
                       53 -       CROD    13      3       13      28                                              
                       54 -       CROD    14      3       14      29                                              
                       55 -       CROD    15      3       15      30                                              
                       56 -       CSHEAR  1       1       16      1       4       19                              
                       57 -       CSHEAR  2       1       19      4       7       22                              
                       58 -       CSHEAR  3       1       22      7       10      25                              
                       59 -       CSHEAR  4       1       25      10      13      28                              
                       60 -       CSHEAR  5       2       17      2       5       20                              
                       61 -       CSHEAR  6       2       20      5       8       23                              
                       62 -       CSHEAR  7       2       23      8       11      26                              
                       63 -       CSHEAR  8       2       26      11      14      29                              
                       64 -       CSHEAR  9       1       18      3       6       21                              
                       65 -       CSHEAR  10      1       21      6       9       24                              
                       66 -       CSHEAR  11      1       24      9       12      27                              
                       67 -       CSHEAR  12      1       27      12      15      30                              
                       68 -       CSHEAR  13      3       16      1       2       17                              
                       69 -       CSHEAR  14      3       17      2       3       18                              
                       70 -       CSHEAR  15      3       19      4       5       20                              
                       71 -       CSHEAR  16      3       20      5       6       21                              
                       72 -       CSHEAR  17      3       22      7       8       23                              
                       73 -       CSHEAR  18      3       23      8       9       24                              
                       74 -       CSHEAR  19      4       25      10      11      26                              
                       75 -       CSHEAR  20      4       26      11      12      27                              
                       76 -       CSHEAR  21      4       28      13      14      29                              
                       77 -       CSHEAR  22      4       29      14      15      30                              
                       78 -       FORCE   1       30              500.0   0.0     0.0     1.0                     
                       79 -       GRID    1               6.000   0.000   3.000                                   
                       80 -       GRID    2               24.000  0.000   3.000                                   
                       81 -       GRID    3               42.000  0.000   3.000                                   
                       82 -       GRID    4               6.000   30.000  3.000                                   
                       83 -       GRID    5               24.000  30.000  3.000                                   
                       84 -       GRID    6               42.000  30.000  3.000                                   
                       85 -       GRID    7               6.000   60.000  3.000                                   
                       86 -       GRID    8               24.000  60.000  3.000                                   
                       87 -       GRID    9               42.000  60.000  3.000                                   
                       88 -       GRID    10              6.000   90.000  3.000                                   
                       89 -       GRID    11              24.000  90.000  3.000                                   
                       90 -       GRID    12              42.000  90.000  3.000                                   
                       91 -       GRID    13              6.000   120.000 3.000                                   
                       92 -       GRID    14              24.000  120.000 3.000                                   
                       93 -       GRID    15              42.000  120.000 3.000                                   
                       94 -       GRID    16              6.000   0.000   -3.000                                  
                       95 -       GRID    17              24.000  0.000   -3.000                                  
                       96 -       GRID    18              42.000  0.000   -3.000                                  
                       97 -       GRID    19              6.000   30.000  -3.000                                  
                       98 -       GRID    20              24.000  30.000  -3.000                                  
                       99 -       GRID    21              42.000  30.000  -3.000                                  
                      100 -       GRID    22              6.000   60.000  -3.000                                  
                      101 -       GRID    23              24.000  60.000  -3.000                                  
                      102 -       GRID    24              42.000  60.000  -3.000                                  
                      103 -       GRID    25              6.000   90.000  -3.000                                  
                      104 -       GRID    26              24.000  90.000  -3.000                                  
1STATIC CASE                                                                            ASTROS VERSION 11.0  02/28/22   P.    5  
                                                                                                                                 
                                                                                                                                 
                                            S O R T E D   B U L K   D A T A   E C H O                                            
                    CARD                                                                                                         
                    COUNT         *...1..**...2..**...3..**...4..**...5..**...6..**...7..**...8..**...9..**..10..*               
                      105 -       GRID    27              42.000  90.000  -3.000                                  
                      106 -       GRID    28              6.000   120.000 -3.000                                  
                      107 -       GRID    29              24.000  120.000 -3.000                                  
                      108 -       GRID    30              42.000  120.000 -3.000                                  
                      109 -       MAT1    1       1.E+6           0.3     0.1                                     
                      110 -       PBAR    2       1       .50             .0104   .0417   .001                    
                      111 -       PQDMEM1 4       1       .20                                                     
                      112 -       PROD    3       1       0.1     0.001                                           
                      113 -       PSHEAR  1       1       0.25                                                    
                      114 -       PSHEAR  2       1       0.10                                                    
                      115 -       PSHEAR  3       1       0.25                                                    
                      116 -       PSHEAR  4       1       0.10                                                    
                      117 -       SPC1    1       123456  16      THRU    18                                      
                      118 -       SPC1    1       123456  1       THRU    3                                       
                      119 -       ENDDATA                                                                         
1STATIC CASE                                                                            ASTROS VERSION 11.0  02/28/22   P.    6  
                                                                                                                                 
                                                                                                                                 
                                                                                                                                 
                                                                                                                                 
                                                                                                                                 


                         ***    S U M M A R Y   O F   A U T O M A T I C   R E S E Q U E N C I N G    ***


                                        METHOD SELECTED                              GPS
                                        CRITERION                          RMS WAVEFRONT


                                                                        BEFORE     AFTER
                                        BANDWIDTH                           19        10
                                        PROFILE                            339       223
                                        MAXIMUM WAVEFRONT                   19        10
                                        AVERAGE WAVEFRONT               11.300     7.433
                                        RMS WAVEFRONT                   12.414     7.774


                                        NUMBER OF GRID POINTS                         30
                                        MAXIMUM NODAL DEGREE                          13

                                        ELEMENTS PROCESSED
                                                                      CROD            15
                                                                      CSHEAR          22
                                                                      CBAR            24
                                                                      CQDMEM1         16

                                        TOTAL ELEMENTS                                77













1STATIC CASE                                                                            ASTROS VERSION 11.0  02/28/22   P.    7  
                                                                                        FINAL ANALYSIS SEGMENT                   
 500.00 LB LOAD CONDITION                                                                                                        
                                                                                                                                 
      B O U N D A R Y   C O N D I T I O N   S U M M A R Y   F O R   B O U N D A R Y   C O N D I T I O N  1                       
                                                 (BEFORE ANY AUTOSPC ACTIONS)                                                    

               MATRIX REDUCTION SUMMARY:
                    THE PHYSICAL SET CONTAINS    180 DEGREES OF FREEDOM (DOFS)
                                                 180 PHYSICAL DOFS ARE STRUCTURAL
                                          AND      0 PHYSICAL DOFS ARE EXTRA POINTS

                    THERE ARE      0 DEPENDENT MULTIPOINT CONSTRAINT DOFS LEAVING
                                 180 INDEPENDENT DOFS

                    THERE ARE     36 SINGLE POINT CONSTRAINT DOFS LEAVING
                                 144 FREE DOFS

                    THE FREE DOFS ARE NOT REDUCED
                    THERE ARE    144 ANALYSIS SET DOFS 
                                   0 OF WHICH ARE "SUPPORTED" LEAVING 
                                 144 DOFS LEFT OVER


               DISCIPLINE-SUBCASE SUMMARY:
                    *** STATICS HAS BEEN SELECTED ***
                         1 SUBCASE(S) ARE DEFINED BY SOLUTION CONTROL
1STATIC CASE                                                                            ASTROS VERSION 11.0  02/28/22   P.    8  
                                                                                        FINAL ANALYSIS SEGMENT                   
 500.00 LB LOAD CONDITION                                                                                                        
                                                                                                                                 
      B O U N D A R Y   C O N D I T I O N   S U M M A R Y   F O R   B O U N D A R Y   C O N D I T I O N  1                       
                                           (UPDATED TO INCORPORATE AUTOSPC ACTIONS)                                              

               MATRIX REDUCTION SUMMARY:
                    THE PHYSICAL SET CONTAINS    180 DEGREES OF FREEDOM (DOFS)
                                                 180 PHYSICAL DOFS ARE STRUCTURAL
                                          AND      0 PHYSICAL DOFS ARE EXTRA POINTS

                    THERE ARE      0 DEPENDENT MULTIPOINT CONSTRAINT DOFS LEAVING
                                 180 INDEPENDENT DOFS

                    THERE ARE     36 SINGLE POINT CONSTRAINT DOFS LEAVING
                                 144 FREE DOFS

                    THE FREE DOFS ARE NOT REDUCED
                    THERE ARE    144 ANALYSIS SET DOFS 
                                   0 OF WHICH ARE "SUPPORTED" LEAVING 
                                 144 DOFS LEFT OVER


 **** SYMMETRIC DECOMPOSITION FOUND THE FOLLOWING ILL-CONDITIONED COLUMNS(EXCEEDED MAXRATIO) IN MATRIX  KAA     
      - RESULTS MAY BE IN DOUBT

1STATIC CASE                                                                            ASTROS VERSION 11.0  02/28/22   P.    9  
                                                                                        FINAL ANALYSIS SEGMENT                   
 500.00 LB LOAD CONDITION                                                                                                        
                                                                                                                                 
                                                                                                                                 
                           POINT ID        TYPE    COMPONENT NUMBER       RATIO        DIAGONAL                                  

                               10            G              6          0.64103E+12    0.10000E-09

                               12            G              6          0.64103E+12    0.10000E-09

                               14            G              6          0.64103E+12    0.10000E-09

                               19            G              6          0.64103E+12    0.10000E-09

                               20            G              6          0.64103E+12    0.10000E-09

                               22            G              6          0.64103E+12    0.10000E-09

                               23            G              6          0.64103E+12    0.10000E-09

                               24            G              6          0.64103E+12    0.10000E-09

                               26            G              6          0.64103E+12    0.10000E-09

                               28            G              6          0.64103E+12    0.10000E-09

                               30            G              6          0.64103E+12    0.10000E-09
1STATIC CASE                                                                            ASTROS VERSION 11.0  02/28/22   P.   10  
                                                                                        FINAL ANALYSIS SEGMENT                   
 500.00 LB LOAD CONDITION                                                  STATICS ANALYSIS: BOUNDARY 1, SUBCASE 1               
                                                                                                                                 
                                                                                                                                 
                                            D I S P L A C E M E N T   V E C T O R                                                

            POINT ID.   TYPE          T1            T2            T3            R1            R2            R3
                 1         G      0.00000E+00   0.00000E+00   0.00000E+00   0.00000E+00   0.00000E+00   0.00000E+00
                 2         G      0.00000E+00   0.00000E+00   0.00000E+00   0.00000E+00   0.00000E+00   0.00000E+00
                 3         G      0.00000E+00   0.00000E+00   0.00000E+00   0.00000E+00   0.00000E+00   0.00000E+00
                 4         G     -8.76952E-03  -2.73765E-02   1.35450E-01   8.96551E-03   0.00000E+00   0.00000E+00
                 5         G     -3.67725E-03  -2.81494E-02   1.70135E-01   1.02566E-02   0.00000E+00   0.00000E+00
                 6         G      1.71229E-03  -3.20786E-02   1.76053E-01   1.09413E-02   0.00000E+00   2.79512E-02
                 7         G     -1.12323E-02  -4.91082E-02   5.20859E-01   1.62238E-02   0.00000E+00   0.00000E+00
                 8         G     -8.15752E-03  -4.99678E-02   5.78987E-01   1.68723E-02   0.00000E+00   0.00000E+00
                 9         G     -5.16823E-03  -5.33542E-02   6.18918E-01   1.81266E-02   0.00000E+00   0.00000E+00
                10         G     -1.42893E-02  -6.19057E-02   1.07898E+00   2.04921E-02   0.00000E+00   0.00000E+00
                11         G     -1.28626E-02  -6.27208E-02   1.16070E+00   2.13105E-02   0.00000E+00   0.00000E+00
                12         G     -1.13609E-02  -6.65932E-02   1.23429E+00   2.23756E-02   0.00000E+00   0.00000E+00
                13         G     -1.68804E-02  -6.60564E-02   1.72166E+00   2.18881E-02   0.00000E+00   0.00000E+00
                14         G     -1.66161E-02  -6.69967E-02   1.82646E+00   2.26328E-02   0.00000E+00   0.00000E+00
                15         G     -1.63164E-02  -7.12746E-02   1.93238E+00   2.37166E-02   0.00000E+00   0.00000E+00
                16         G      0.00000E+00   0.00000E+00   0.00000E+00   0.00000E+00   0.00000E+00   0.00000E+00
                17         G      0.00000E+00   0.00000E+00   0.00000E+00   0.00000E+00   0.00000E+00   0.00000E+00
                18         G      0.00000E+00   0.00000E+00   0.00000E+00   0.00000E+00   0.00000E+00   0.00000E+00
                19         G      8.76903E-03   2.73763E-02   1.35450E-01   8.96551E-03   0.00000E+00   0.00000E+00
                20         G      3.67675E-03   2.81495E-02   1.70135E-01   1.02566E-02   0.00000E+00   0.00000E+00
                21         G     -1.71291E-03   3.20788E-02   1.76045E-01   1.34465E-02   0.00000E+00   2.79512E-02
                22         G      1.12314E-02   4.91080E-02   5.20859E-01   1.62238E-02   0.00000E+00   0.00000E+00
                23         G      8.15664E-03   4.99679E-02   5.78987E-01   1.68723E-02   0.00000E+00   0.00000E+00
                24         G      5.16737E-03   5.33544E-02   6.18923E-01   1.73947E-02   0.00000E+00   0.00000E+00
                25         G      1.42881E-02   6.19056E-02   1.07898E+00   2.04921E-02   0.00000E+00   0.00000E+00
                26         G      1.28614E-02   6.27208E-02   1.16070E+00   2.13105E-02   0.00000E+00   0.00000E+00
                27         G      1.13596E-02   6.65934E-02   1.23429E+00   2.27989E-02   0.00000E+00   0.00000E+00
                28         G      1.68788E-02   6.60562E-02   1.72166E+00   2.18881E-02   0.00000E+00   0.00000E+00
                29         G      1.66145E-02   6.69967E-02   1.82646E+00   2.26328E-02   0.00000E+00   0.00000E+00
                30         G      1.63149E-02   7.12749E-02   1.94738E+00   2.42549E-02   0.00000E+00   0.00000E+00
1STATIC CASE                                                                            ASTROS VERSION 11.0  02/28/22   P.   11  
                                                                                        FINAL ANALYSIS SEGMENT                   
 500.00 LB LOAD CONDITION                                                  STATICS ANALYSIS: BOUNDARY 1, SUBCASE 1               
                               S T R E S S E S   I N   B A R   E L E M E N T S       ( B A R )                                   
      ELEMENT       SA1           SA2           SA3           SA4          AXIAL         SA-MAX        SA-MIN    M.S.-T          
        ID.         SB1           SB2           SB3           SB4          STRESS        SB-MAX        SB-MIN    M.S.-C          
            1  0.000000E+00  0.000000E+00  0.000000E+00  0.000000E+00 -9.125495E+02 -9.125495E+02 -9.125495E+02  1.7E+38
               0.000000E+00  0.000000E+00  0.000000E+00  0.000000E+00               -9.125495E+02 -9.125495E+02  1.7E+38

            2  0.000000E+00  0.000000E+00  0.000000E+00  0.000000E+00 -7.243905E+02 -7.243905E+02 -7.243905E+02  1.7E+38
               0.000000E+00  0.000000E+00  0.000000E+00  0.000000E+00               -7.243905E+02 -7.243905E+02  1.7E+38

            3  0.000000E+00  0.000000E+00  0.000000E+00  0.000000E+00 -4.265847E+02 -4.265847E+02 -4.265847E+02  1.7E+38
               0.000000E+00  0.000000E+00  0.000000E+00  0.000000E+00               -4.265847E+02 -4.265847E+02  1.7E+38

            4  0.000000E+00  0.000000E+00  0.000000E+00  0.000000E+00 -1.383540E+02 -1.383540E+02 -1.383540E+02  1.7E+38
               0.000000E+00  0.000000E+00  0.000000E+00  0.000000E+00               -1.383540E+02 -1.383540E+02  1.7E+38

            5  0.000000E+00  0.000000E+00  0.000000E+00  0.000000E+00  9.125431E+02  9.125431E+02  9.125431E+02  1.7E+38
               0.000000E+00  0.000000E+00  0.000000E+00  0.000000E+00                9.125431E+02  9.125431E+02  1.7E+38

            6  0.000000E+00  0.000000E+00  0.000000E+00  0.000000E+00  7.243906E+02  7.243906E+02  7.243906E+02  1.7E+38
               0.000000E+00  0.000000E+00  0.000000E+00  0.000000E+00                7.243906E+02  7.243906E+02  1.7E+38

            7  0.000000E+00  0.000000E+00  0.000000E+00  0.000000E+00  4.265847E+02  4.265847E+02  4.265847E+02  1.7E+38
               0.000000E+00  0.000000E+00  0.000000E+00  0.000000E+00                4.265847E+02  4.265847E+02  1.7E+38

            8  0.000000E+00  0.000000E+00  0.000000E+00  0.000000E+00  1.383540E+02  1.383540E+02  1.383540E+02  1.7E+38
               0.000000E+00  0.000000E+00  0.000000E+00  0.000000E+00                1.383540E+02  1.383540E+02  1.7E+38

            9  0.000000E+00  0.000000E+00  0.000000E+00  0.000000E+00 -9.383146E+02 -9.383146E+02 -9.383146E+02  1.7E+38
               0.000000E+00  0.000000E+00  0.000000E+00  0.000000E+00               -9.383146E+02 -9.383146E+02  1.7E+38

           10  0.000000E+00  0.000000E+00  0.000000E+00  0.000000E+00 -7.272794E+02 -7.272794E+02 -7.272794E+02  1.7E+38
               0.000000E+00  0.000000E+00  0.000000E+00  0.000000E+00               -7.272794E+02 -7.272794E+02  1.7E+38

           11  0.000000E+00  0.000000E+00  0.000000E+00  0.000000E+00 -4.250976E+02 -4.250976E+02 -4.250976E+02  1.7E+38
               0.000000E+00  0.000000E+00  0.000000E+00  0.000000E+00               -4.250976E+02 -4.250976E+02  1.7E+38

           12  0.000000E+00  0.000000E+00  0.000000E+00  0.000000E+00 -1.425317E+02 -1.425317E+02 -1.425317E+02  1.7E+38
               0.000000E+00  0.000000E+00  0.000000E+00  0.000000E+00               -1.425317E+02 -1.425317E+02  1.7E+38

           13  0.000000E+00  0.000000E+00  0.000000E+00  0.000000E+00  9.383151E+02  9.383151E+02  9.383151E+02  1.7E+38
               0.000000E+00  0.000000E+00  0.000000E+00  0.000000E+00                9.383151E+02  9.383151E+02  1.7E+38

           14  0.000000E+00  0.000000E+00  0.000000E+00  0.000000E+00  7.272800E+02  7.272800E+02  7.272800E+02  1.7E+38
               0.000000E+00  0.000000E+00  0.000000E+00  0.000000E+00                7.272800E+02  7.272800E+02  1.7E+38

           15  0.000000E+00  0.000000E+00  0.000000E+00  0.000000E+00  4.250974E+02  4.250974E+02  4.250974E+02  1.7E+38
               0.000000E+00  0.000000E+00  0.000000E+00  0.000000E+00                4.250974E+02  4.250974E+02  1.7E+38

           16  0.000000E+00  0.000000E+00  0.000000E+00  0.000000E+00  1.425317E+02  1.425317E+02  1.425317E+02  1.7E+38
               0.000000E+00  0.000000E+00  0.000000E+00  0.000000E+00                1.425317E+02  1.425317E+02  1.7E+38

           17  0.000000E+00  0.000000E+00  0.000000E+00  0.000000E+00 -1.069287E+03 -1.069287E+03 -1.069287E+03  1.7E+38
               0.000000E+00  0.000000E+00  0.000000E+00  0.000000E+00               -1.069287E+03 -1.069287E+03  1.7E+38

           18  0.000000E+00  0.000000E+00  0.000000E+00  0.000000E+00 -7.091855E+02 -7.091855E+02 -7.091855E+02  1.7E+38
               0.000000E+00  0.000000E+00  0.000000E+00  0.000000E+00               -7.091855E+02 -7.091855E+02  1.7E+38

1STATIC CASE                                                                            ASTROS VERSION 11.0  02/28/22   P.   12  
                                                                                        FINAL ANALYSIS SEGMENT                   
 500.00 LB LOAD CONDITION                                                  STATICS ANALYSIS: BOUNDARY 1, SUBCASE 1               
                               S T R E S S E S   I N   B A R   E L E M E N T S       ( B A R )                                   
      ELEMENT       SA1           SA2           SA3           SA4          AXIAL         SA-MAX        SA-MIN    M.S.-T          
        ID.         SB1           SB2           SB3           SB4          STRESS        SB-MAX        SB-MIN    M.S.-C          
           19  0.000000E+00  0.000000E+00  0.000000E+00  0.000000E+00 -4.413008E+02 -4.413008E+02 -4.413008E+02  1.7E+38
               0.000000E+00  0.000000E+00  0.000000E+00  0.000000E+00               -4.413008E+02 -4.413008E+02  1.7E+38

           20  0.000000E+00  0.000000E+00  0.000000E+00  0.000000E+00 -1.560476E+02 -1.560476E+02 -1.560476E+02  1.7E+38
               0.000000E+00  0.000000E+00  0.000000E+00  0.000000E+00               -1.560476E+02 -1.560476E+02  1.7E+38

           21  0.000000E+00  0.000000E+00  0.000000E+00  0.000000E+00  1.069294E+03  1.069294E+03  1.069294E+03  1.7E+38
               0.000000E+00  0.000000E+00  0.000000E+00  0.000000E+00                1.069294E+03  1.069294E+03  1.7E+38

           22  0.000000E+00  0.000000E+00  0.000000E+00  0.000000E+00  7.091861E+02  7.091861E+02  7.091861E+02  1.7E+38
               0.000000E+00  0.000000E+00  0.000000E+00  0.000000E+00                7.091861E+02  7.091861E+02  1.7E+38

           23  0.000000E+00  0.000000E+00  0.000000E+00  0.000000E+00  4.413011E+02  4.413011E+02  4.413011E+02  1.7E+38
               0.000000E+00  0.000000E+00  0.000000E+00  0.000000E+00                4.413011E+02  4.413011E+02  1.7E+38

           24  0.000000E+00  0.000000E+00  0.000000E+00  0.000000E+00  1.560473E+02  1.560473E+02  1.560473E+02  1.7E+38
               0.000000E+00  0.000000E+00  0.000000E+00  0.000000E+00                1.560473E+02  1.560473E+02  1.7E+38

1STATIC CASE                                                                            ASTROS VERSION 11.0  02/28/22   P.   13  
                                                                                        FINAL ANALYSIS SEGMENT                   
 500.00 LB LOAD CONDITION                                                  STATICS ANALYSIS: BOUNDARY 1, SUBCASE 1               
                    S T R E S S E S   I N   Q U A D R I L A T E R A L   M E M B R A N E S   ( Q D M  E M 1 )                     
  ELEMENT  LAYER      STRESSES IN ELEMENT COORD SYSTEM       PRINCIPAL          PRINCIPAL STRESSES         MAX                   
    ID.     NO.   NORMAL-X      NORMAL-Y      SHEAR-XY     STRESS ANGLE       MAJOR         MINOR         SHEAR                  
        1    0  -1.496458E+02 -9.703259E+02 -8.804504E+01    -6.0551      -1.403063E+02 -9.796654E+02  4.196796E+02
        2    0   1.001353E+01 -7.228310E+02 -6.194882E+01    -4.7980       1.521331E+01 -7.280308E+02  3.716220E+02
        3    0  -2.977951E+00 -4.267345E+02 -6.764856E+01    -8.8536       7.559441E+00 -4.372719E+02  2.224157E+02
        4    0   5.318787E+00 -1.388472E+02 -5.942401E+01   -19.7508       2.665513E+01 -1.601835E+02  9.341931E+01
        5    0  -1.664075E+02 -1.053723E+03 -5.457416E+01    -3.5064      -1.630635E+02 -1.057067E+03  4.470018E+02
        6    0   1.898401E+01 -7.125372E+02 -1.509828E+02   -11.2152       4.892105E+01 -7.424742E+02  3.956976E+02
        7    0  -5.724159E+00 -4.349165E+02 -1.474083E+02   -17.2428       4.002699E+01 -4.806677E+02  2.603473E+02
        8    0   5.772430E+00 -1.475577E+02 -1.429042E+02   -30.8937       9.127744E+01 -2.330627E+02  1.621701E+02
        9    0   1.496443E+02  9.703225E+02  8.804089E+01    83.9452       9.796611E+02  1.403057E+02  4.196777E+02
       10    0  -1.001389E+01  7.228310E+02  6.194836E+01    85.2021       7.280307E+02 -1.521358E+01  3.716221E+02
       11    0   2.977959E+00  4.267345E+02  6.764874E+01    81.1463       4.372719E+02 -7.559498E+00  2.224157E+02
       12    0  -5.318756E+00  1.388469E+02  5.942419E+01    70.2491       1.601834E+02 -2.665524E+01  9.341933E+01
       13    0   1.664053E+02  1.053726E+03  5.456915E+01    86.4940       1.057070E+03  1.630619E+02  4.470039E+02
       14    0  -1.898669E+01  7.125369E+02  1.509832E+02    78.7848       7.424741E+02 -4.892379E+01  3.956989E+02
       15    0   5.724621E+00  4.349167E+02  1.474083E+02    72.7572       4.806679E+02 -4.002654E+01  2.603472E+02
       16    0  -5.772430E+00  1.475579E+02  1.429042E+02    59.1063       2.330629E+02 -9.127745E+01  1.621702E+02
1STATIC CASE                                                                            ASTROS VERSION 11.0  02/28/22   P.   14  
                                                                                        FINAL ANALYSIS SEGMENT                   
 500.00 LB LOAD CONDITION                                                  STATICS ANALYSIS: BOUNDARY 1, SUBCASE 1               
                               S T R E S S E S   I N   R O D   E L E M E N T S       ( R O D )                                   
      ELEMENT      AXIAL      SAFETY    TORSIONAL    SAFETY      ELEMENT      AXIAL     SAFETY     TORSIONAL    SAFETY           
        ID.       STRESS      MARGIN     STRESS      MARGIN        ID.       STRESS     MARGIN      STRESS      MARGIN           
            1  0.000000E+00  1.7E+38  0.000000E+00  1.7E+38            2  0.000000E+00  1.7E+38  0.000000E+00  1.7E+38
            3  0.000000E+00  1.7E+38  0.000000E+00  1.7E+38            4  0.000000E+00  1.7E+38  0.000000E+00  1.7E+38
            5  0.000000E+00  1.7E+38  0.000000E+00  1.7E+38            6  1.328125E+00  1.7E+38  0.000000E+00  1.7E+38
            7  0.000000E+00  1.7E+38  0.000000E+00  1.7E+38            8  0.000000E+00  1.7E+38  0.000000E+00  1.7E+38
            9 -7.109375E-01  1.7E+38  0.000000E+00  1.7E+38           10  0.000000E+00  1.7E+38  0.000000E+00  1.7E+38
           11  0.000000E+00  1.7E+38  0.000000E+00  1.7E+38           12  9.375000E-02  1.7E+38  0.000000E+00  1.7E+38
           13  0.000000E+00  1.7E+38  0.000000E+00  1.7E+38           14  0.000000E+00  1.7E+38  0.000000E+00  1.7E+38
           15 -2.500000E+03  1.7E+38  0.000000E+00  1.7E+38
1STATIC CASE                                                                            ASTROS VERSION 11.0  02/28/22   P.   15  
                                                                                        FINAL ANALYSIS SEGMENT                   
 500.00 LB LOAD CONDITION                                                  STATICS ANALYSIS: BOUNDARY 1, SUBCASE 1               
                               S T R E S S E S   I N   S H E A R   P A N E L S   ( S H E A R )                                   
        ELEMENT        MAX           AVERAGE       SAFETY           ELEMENT         MAX           AVERAGE       SAFETY           
          ID.         SHEAR           SHEAR        MARGIN             ID.          SHEAR           SHEAR        MARGIN           
             1    1.836273E+01   -1.836273E+01    1.7E+38                 2    3.828674E+01    3.828674E+01    1.7E+38
             3    3.911035E+01    3.911035E+01    1.7E+38                 4    3.683008E+01    3.683008E+01    1.7E+38
             5    3.767712E+02    3.767712E+02    1.7E+38                 6    2.341670E+02    2.341670E+02    1.7E+38
             7    2.341958E+02    2.341958E+02    1.7E+38                 8    2.201875E+02    2.201875E+02    1.7E+38
             9    2.007128E+02    2.007128E+02    1.7E+38                10    2.013608E+02    2.013608E+02    1.7E+38
            11    2.003809E+02    2.003809E+02    1.7E+38                12    2.082998E+02    2.082998E+02    1.7E+38
            13    0.000000E+00    0.000000E+00    1.7E+38                14    0.000000E+00    0.000000E+00    1.7E+38
            15    5.668994E+01   -5.668994E+01    1.7E+38                16    4.401855E-01    4.401855E-01    1.7E+38
            17    8.232422E-01   -8.232422E-01    1.7E+38                18    8.779297E-01   -8.779297E-01    1.7E+38
            19    5.707031E+00    5.707031E+00    1.7E+38                20    1.975098E+01    1.975098E+01    1.7E+38
            21    9.217969E+01    9.217969E+01    1.7E+38                22    3.124746E+02    3.124746E+02    1.7E+38



                               ****************************************
                               ***                                  ***
                               *** A S T R O S  T E R M I N A T E D ***
                               ***     02/28/22   18:49:05          ***
                               ***                                  ***
                               ****************************************
1STATIC CASE                                                                            ASTROS VERSION 11.0  02/28/22   P.   16  
                                                                                                                                 
                    A S T R O S   T I M I N G   S U M M A R Y                                                                    
  ELAPSED   TOTAL                                                       STEP                                                     
   TIME      CPU                                                        CPU                                                      
 -------- ----------                                                 ----------                                                  
 00:00:00 00:00:00.0 *** BEGIN ASTROS ***                                      
 00:00:00 00:00:00.0 BEGIN PREFACE MODULES                           00:00:00.0
 00:00:00 00:00:00.0 ELEMENT MATRIX GENERATION                       00:00:00.0
 00:00:00 00:00:00.0 NON-PLANAR STEADY AERODYNAMICS                  00:00:00.0
 00:00:00 00:00:00.0 PHASE 1 ELEM. MATRIX ASSEMBLY                   00:00:00.0
 00:00:00 00:00:00.0 PHASE 1 STATIC LOADS GENER.                     00:00:00.0
 00:00:00 00:00:00.0 STEADY AERODYNAMICS                             00:00:00.0
 00:00:00 00:00:00.0 UNSTEADY AERODYNAMICS                           00:00:00.0
 00:00:00 00:00:00.0 ******************************                  00:00:00.0
 00:00:00 00:00:00.0 BEGIN FINAL ANALYSIS                            00:00:00.0
 00:00:00 00:00:00.0       BOUNDARY CONDITION        1               00:00:00.0
 00:00:00 00:00:00.0          AUTOSPC COMPUTATIONS                   00:00:00.0
 00:00:00 00:00:00.0          SPC REDUCTION                          00:00:00.0
 00:00:00 00:00:00.0          >>>DISCIPLINE: STATICS                 00:00:00.0
 00:00:00 00:00:00.0          SPC RECOVERY                           00:00:00.0
 00:00:00 00:00:00.0          OUTPUT PROCESSING                      00:00:00.0
 00:00:00 00:00:00.0 *** END ASTROS ***                                        
